This is XeTeX, Version 3.141592653-2.6-0.999994 (MiKTeX 22.3) (preloaded format=xelatex 2022.5.23)  23 MAY 2022 18:58
entering extended mode
 restricted \write18 enabled.
 file:line:error style messages enabled.
 %&-line parsing enabled.
**c:/Users/endchen/Desktop/nation/main.tex
(c:/Users/endchen/Desktop/nation/main.tex
LaTeX2e <2021-11-15> patch level 1
L3 programming layer <2022-05-04> (C:\Users\endchen\AppData\Local\Programs\MiKTeX\tex/latex/base\article.cls
Document Class: article 2021/10/04 v1.4n Standard LaTeX document class
(C:\Users\endchen\AppData\Local\Programs\MiKTeX\tex/latex/base\size12.clo
File: size12.clo 2021/10/04 v1.4n Standard LaTeX file (size option)
)
\c@part=\count181
\c@section=\count182
\c@subsection=\count183
\c@subsubsection=\count184
\c@paragraph=\count185
\c@subparagraph=\count186
\c@figure=\count187
\c@table=\count188
\abovecaptionskip=\skip47
\belowcaptionskip=\skip48
\bibindent=\dimen138
) (C:\Users\endchen\AppData\Local\Programs\MiKTeX\tex/latex/base\inputenc.sty
Package: inputenc 2021/02/14 v1.3d Input encoding file
\inpenc@prehook=\toks16
\inpenc@posthook=\toks17


Package inputenc Warning: inputenc package ignored with utf8 based engines.

) (C:\Users\endchen\AppData\Local\Programs\MiKTeX\tex/xelatex/xecjk\xecjk.sty (C:\Users\endchen\AppData\Local\Programs\MiKTeX\tex/latex/l3kernel\expl3.sty
Package: expl3 2022-05-04 L3 programming layer (loader) 
 (C:\Users\endchen\AppData\Local\Programs\MiKTeX\tex/latex/l3backend\l3backend-xetex.def
File: l3backend-xetex.def 2022-04-20 L3 backend support: XeTeX
\g__graphics_track_int=\count189
\l__pdf_internal_box=\box50
\g__pdf_backend_object_int=\count190
\g__pdf_backend_annotation_int=\count191
\g__pdf_backend_link_int=\count192
))

LaTeX Warning: You have requested package `xecjk',
               but the package provides `xeCJK'.

Package: xeCJK 2021/12/12 v3.8.8 Typesetting CJK scripts with XeLaTeX
(C:\Users\endchen\AppData\Local\Programs\MiKTeX\tex/latex/ctex\ctexhook.sty
Package: ctexhook 2021/12/12 v2.5.8 Document and package hooks (CTEX)
) (C:\Users\endchen\AppData\Local\Programs\MiKTeX\tex/latex/l3packages/l3keys2e\l3keys2e.sty
Package: l3keys2e 2022-01-12 LaTeX2e option processing using LaTeX3 keys
) (C:\Users\endchen\AppData\Local\Programs\MiKTeX\tex/latex/l3packages/xtemplate\xtemplate.sty
Package: xtemplate 2022-01-12 L3 Experimental prototype document functions
\l__xtemplate_tmp_dim=\dimen139
\l__xtemplate_tmp_int=\count193
\l__xtemplate_tmp_muskip=\muskip16
\l__xtemplate_tmp_skip=\skip49
) (C:\Users\endchen\AppData\Local\Programs\MiKTeX\tex/latex/l3packages/xparse\xparse.sty
Package: xparse 2022-01-12 L3 Experimental document command parser
)
\l__xeCJK_tmp_int=\count194
\l__xeCJK_tmp_box=\box51
\l__xeCJK_tmp_dim=\dimen140
\l__xeCJK_tmp_skip=\skip50
\g__xeCJK_space_factor_int=\count195
\l__xeCJK_begin_int=\count196
\l__xeCJK_end_int=\count197
\c__xeCJK_CJK_class_int=\XeTeXcharclass1
\c__xeCJK_FullLeft_class_int=\XeTeXcharclass2
\c__xeCJK_FullRight_class_int=\XeTeXcharclass3
\c__xeCJK_HalfLeft_class_int=\XeTeXcharclass4
\c__xeCJK_HalfRight_class_int=\XeTeXcharclass5
\c__xeCJK_NormalSpace_class_int=\XeTeXcharclass6
\c__xeCJK_CM_class_int=\XeTeXcharclass7
\c__xeCJK_HangulJamo_class_int=\XeTeXcharclass8
\l__xeCJK_last_skip=\skip51
\g__xeCJK_node_int=\count198
\c__xeCJK_CJK_node_dim=\dimen141
\c__xeCJK_CJK-space_node_dim=\dimen142
\c__xeCJK_default_node_dim=\dimen143
\c__xeCJK_default-space_node_dim=\dimen144
\c__xeCJK_CJK-widow_node_dim=\dimen145
\c__xeCJK_normalspace_node_dim=\dimen146
\l__xeCJK_ccglue_skip=\skip52
\l__xeCJK_ecglue_skip=\skip53
\l__xeCJK_punct_kern_skip=\skip54
\l__xeCJK_last_penalty_int=\count199
\l__xeCJK_last_bound_dim=\dimen147
\l__xeCJK_last_kern_dim=\dimen148
\l__xeCJK_widow_penalty_int=\count266

Package xtemplate Info: Declaring object type 'xeCJK/punctuation' taking 0
(xtemplate)             argument(s) on line 2337.

\l__xeCJK_fixed_punct_width_dim=\dimen149
\l__xeCJK_mixed_punct_width_dim=\dimen150
\l__xeCJK_middle_punct_width_dim=\dimen151
\l__xeCJK_fixed_margin_width_dim=\dimen152
\l__xeCJK_mixed_margin_width_dim=\dimen153
\l__xeCJK_middle_margin_width_dim=\dimen154
\l__xeCJK_bound_punct_width_dim=\dimen155
\l__xeCJK_bound_margin_width_dim=\dimen156
\l__xeCJK_margin_minimum_dim=\dimen157
\l__xeCJK_kerning_total_width_dim=\dimen158
\l__xeCJK_same_align_margin_dim=\dimen159
\l__xeCJK_different_align_margin_dim=\dimen160
\l__xeCJK_kerning_margin_width_dim=\dimen161
\l__xeCJK_kerning_margin_minimum_dim=\dimen162
\l__xeCJK_bound_dim=\dimen163
\l__xeCJK_reverse_bound_dim=\dimen164
\l__xeCJK_margin_dim=\dimen165
\l__xeCJK_minimum_bound_dim=\dimen166
\l__xeCJK_kerning_margin_dim=\dimen167
\g__xeCJK_family_int=\count267
\l__xeCJK_fam_int=\count268
\g__xeCJK_fam_allocation_int=\count269
\l__xeCJK_verb_case_int=\count270
\l__xeCJK_verb_exspace_skip=\skip55
 (C:\Users\endchen\AppData\Local\Programs\MiKTeX\tex/latex/fontspec\fontspec.sty
Package: fontspec 2022/01/15 v2.8a Font selection for XeLaTeX and LuaLaTeX
 (C:\Users\endchen\AppData\Local\Programs\MiKTeX\tex/latex/fontspec\fontspec-xetex.sty
Package: fontspec-xetex 2022/01/15 v2.8a Font selection for XeLaTeX and LuaLaTeX
\l__fontspec_script_int=\count271
\l__fontspec_language_int=\count272
\l__fontspec_strnum_int=\count273
\l__fontspec_tmp_int=\count274
\l__fontspec_tmpa_int=\count275
\l__fontspec_tmpb_int=\count276
\l__fontspec_tmpc_int=\count277
\l__fontspec_em_int=\count278
\l__fontspec_emdef_int=\count279
\l__fontspec_strong_int=\count280
\l__fontspec_strongdef_int=\count281
\l__fontspec_tmpa_dim=\dimen168
\l__fontspec_tmpb_dim=\dimen169
\l__fontspec_tmpc_dim=\dimen170
 (C:\Users\endchen\AppData\Local\Programs\MiKTeX\tex/latex/base\fontenc.sty
Package: fontenc 2021/04/29 v2.0v Standard LaTeX package
) (C:\Users\endchen\AppData\Local\Programs\MiKTeX\tex/latex/fontspec\fontspec.cfg))) (C:\Users\endchen\AppData\Local\Programs\MiKTeX\tex/xelatex/xecjk\xeCJK.cfg
File: xeCJK.cfg 2021/12/12 v3.8.8 Configuration file for xeCJK package
)) (C:\Users\endchen\AppData\Local\Programs\MiKTeX\tex/latex/pdfpages\pdfpages.sty
Package: pdfpages 2022/01/29 v0.5u Insert pages of external PDF documents (AM)
 (C:\Users\endchen\AppData\Local\Programs\MiKTeX\tex/latex/base\ifthen.sty
Package: ifthen 2020/11/24 v1.1c Standard LaTeX ifthen package (DPC)
) (C:\Users\endchen\AppData\Local\Programs\MiKTeX\tex/latex/tools\calc.sty
Package: calc 2017/05/25 v4.3 Infix arithmetic (KKT,FJ)
\calc@Acount=\count282
\calc@Bcount=\count283
\calc@Adimen=\dimen171
\calc@Bdimen=\dimen172
\calc@Askip=\skip56
\calc@Bskip=\skip57
LaTeX Info: Redefining \setlength on input line 80.
LaTeX Info: Redefining \addtolength on input line 81.
\calc@Ccount=\count284
\calc@Cskip=\skip58
) (C:\Users\endchen\AppData\Local\Programs\MiKTeX\tex/latex/eso-pic\eso-pic.sty
Package: eso-pic 2020/10/14 v3.0a eso-pic (RN)
\ESO@tempdima=\dimen173
\ESO@tempdimb=\dimen174
 (C:\Users\endchen\AppData\Local\Programs\MiKTeX\tex/latex/graphics\keyval.sty
Package: keyval 2014/10/28 v1.15 key=value parser (DPC)
\KV@toks@=\toks18
) (C:\Users\endchen\AppData\Local\Programs\MiKTeX\tex/latex/xcolor\xcolor.sty
Package: xcolor 2021/10/31 v2.13 LaTeX color extensions (UK)
 (C:\Users\endchen\AppData\Local\Programs\MiKTeX\tex/latex/graphics-cfg\color.cfg
File: color.cfg 2016/01/02 v1.6 sample color configuration
)
Package xcolor Info: Driver file: xetex.def on input line 227.
 (C:\Users\endchen\AppData\Local\Programs\MiKTeX\tex/latex/graphics-def\xetex.def
File: xetex.def 2022/04/16 v5.0m Graphics/color driver for xetex
)
Package xcolor Info: Model `cmy' substituted by `cmy0' on input line 1352.
Package xcolor Info: Model `RGB' extended on input line 1368.
Package xcolor Info: Model `HTML' substituted by `rgb' on input line 1370.
Package xcolor Info: Model `Hsb' substituted by `hsb' on input line 1371.
Package xcolor Info: Model `tHsb' substituted by `hsb' on input line 1372.
Package xcolor Info: Model `HSB' substituted by `hsb' on input line 1373.
Package xcolor Info: Model `Gray' substituted by `gray' on input line 1374.
Package xcolor Info: Model `wave' substituted by `hsb' on input line 1375.
)) (C:\Users\endchen\AppData\Local\Programs\MiKTeX\tex/latex/graphics\graphicx.sty
Package: graphicx 2021/09/16 v1.2d Enhanced LaTeX Graphics (DPC,SPQR)
 (C:\Users\endchen\AppData\Local\Programs\MiKTeX\tex/latex/graphics\graphics.sty
Package: graphics 2021/03/04 v1.4d Standard LaTeX Graphics (DPC,SPQR)
 (C:\Users\endchen\AppData\Local\Programs\MiKTeX\tex/latex/graphics\trig.sty
Package: trig 2021/08/11 v1.11 sin cos tan (DPC)
) (C:\Users\endchen\AppData\Local\Programs\MiKTeX\tex/latex/graphics-cfg\graphics.cfg
File: graphics.cfg 2016/06/04 v1.11 sample graphics configuration
)
Package graphics Info: Driver file: xetex.def on input line 107.
)
\Gin@req@height=\dimen175
\Gin@req@width=\dimen176
)
\AM@pagewidth=\dimen177
\AM@pageheight=\dimen178
\AM@fboxrule=\dimen179
 (C:\Users\endchen\AppData\Local\Programs\MiKTeX\tex/latex/pdfpages\ppxetex.def
File: ppxetex.def 2022/01/29 v0.5u Pdfpages driver for XeTeX (AM)
)
\pdfpages@includegraphics@status=\count285
\AM@pagebox=\box52
\AM@global@opts=\toks19
\AM@pagecnt=\count286
\AM@toc@title=\toks20
\c@AM@survey=\count287
\AM@templatesizebox=\box53
)

Package fontspec Info: Font family 'kaiu.ttf(0)' created for font 'kaiu.ttf'
(fontspec)             with options [Script={CJK}].
(fontspec)              
(fontspec)              This font family consists of the following NFSS
(fontspec)             series/shapes:
(fontspec)              
(fontspec)             - 'normal' (m/n) with NFSS spec.:
(fontspec)             <->"[kaiu.ttf]/OT:script=hani;language=dflt;"
(fontspec)             - 'small caps'  (m/sc) with NFSS spec.: 

 (C:\Users\endchen\AppData\Local\Programs\MiKTeX\tex/latex/setspace\setspace.sty
Package: setspace 2011/12/19 v6.7a set line spacing
) (C:\Users\endchen\AppData\Local\Programs\MiKTeX\tex/latex/moresize\moresize.sty
Package: moresize 1999/07/26 v1.9 (more font sizes)
)

Package fontspec Info: Font family 'TimesNewRoman(0)' created for font 'Times
(fontspec)             New Roman' with options [Ligatures=TeX].
(fontspec)              
(fontspec)              This font family consists of the following NFSS
(fontspec)             series/shapes:
(fontspec)              
(fontspec)             - 'normal' (m/n) with NFSS spec.: <->"Times New
(fontspec)             Roman/OT:script=latn;language=dflt;mapping=tex-text;"
(fontspec)             - 'small caps'  (m/sc) with NFSS spec.: <->"Times New
(fontspec)             Roman/OT:script=latn;language=dflt;+smcp;mapping=tex-text;"
(fontspec)             - 'bold' (b/n) with NFSS spec.: <->"Times New
(fontspec)             Roman/B/OT:script=latn;language=dflt;mapping=tex-text;"
(fontspec)             - 'bold small caps'  (b/sc) with NFSS spec.: <->"Times
(fontspec)             New
(fontspec)             Roman/B/OT:script=latn;language=dflt;+smcp;mapping=tex-text;"
(fontspec)             - 'italic' (m/it) with NFSS spec.: <->"Times New
(fontspec)             Roman/I/OT:script=latn;language=dflt;mapping=tex-text;"
(fontspec)             - 'italic small caps'  (m/scit) with NFSS spec.:
(fontspec)             <->"Times New
(fontspec)             Roman/I/OT:script=latn;language=dflt;+smcp;mapping=tex-text;"
(fontspec)             - 'bold italic' (b/it) with NFSS spec.: <->"Times New
(fontspec)             Roman/BI/OT:script=latn;language=dflt;mapping=tex-text;"
(fontspec)             - 'bold italic small caps'  (b/scit) with NFSS spec.:
(fontspec)             <->"Times New
(fontspec)             Roman/BI/OT:script=latn;language=dflt;+smcp;mapping=tex-text;"

 (main.aux)
\openout1 = `main.aux'.

LaTeX Font Info:    Checking defaults for OML/cmm/m/it on input line 242.
LaTeX Font Info:    ... okay on input line 242.
LaTeX Font Info:    Checking defaults for OMS/cmsy/m/n on input line 242.
LaTeX Font Info:    ... okay on input line 242.
LaTeX Font Info:    Checking defaults for OT1/cmr/m/n on input line 242.
LaTeX Font Info:    ... okay on input line 242.
LaTeX Font Info:    Checking defaults for T1/cmr/m/n on input line 242.
LaTeX Font Info:    ... okay on input line 242.
LaTeX Font Info:    Checking defaults for TS1/cmr/m/n on input line 242.
LaTeX Font Info:    Trying to load font information for TS1+cmr on input line 242.
 (C:\Users\endchen\AppData\Local\Programs\MiKTeX\tex/latex/base\ts1cmr.fd
File: ts1cmr.fd 2019/12/16 v2.5j Standard LaTeX font definitions
)
LaTeX Font Info:    ... okay on input line 242.
LaTeX Font Info:    Checking defaults for TU/lmr/m/n on input line 242.
LaTeX Font Info:    ... okay on input line 242.
LaTeX Font Info:    Checking defaults for OMX/cmex/m/n on input line 242.
LaTeX Font Info:    ... okay on input line 242.
LaTeX Font Info:    Checking defaults for U/cmr/m/n on input line 242.
LaTeX Font Info:    ... okay on input line 242.

Package fontspec Info: Adjusting the maths setup (use [no-math] to avoid
(fontspec)             this).

\symlegacymaths=\mathgroup4
LaTeX Font Info:    Overwriting symbol font `legacymaths' in version `bold'
(Font)                  OT1/cmr/m/n --> OT1/cmr/bx/n on input line 242.
LaTeX Font Info:    Redeclaring math accent \acute on input line 242.
LaTeX Font Info:    Redeclaring math accent \grave on input line 242.
LaTeX Font Info:    Redeclaring math accent \ddot on input line 242.
LaTeX Font Info:    Redeclaring math accent \tilde on input line 242.
LaTeX Font Info:    Redeclaring math accent \bar on input line 242.
LaTeX Font Info:    Redeclaring math accent \breve on input line 242.
LaTeX Font Info:    Redeclaring math accent \check on input line 242.
LaTeX Font Info:    Redeclaring math accent \hat on input line 242.
LaTeX Font Info:    Redeclaring math accent \dot on input line 242.
LaTeX Font Info:    Redeclaring math accent \mathring on input line 242.
LaTeX Font Info:    Redeclaring math symbol \colon on input line 242.
LaTeX Font Info:    Redeclaring math symbol \Gamma on input line 242.
LaTeX Font Info:    Redeclaring math symbol \Delta on input line 242.
LaTeX Font Info:    Redeclaring math symbol \Theta on input line 242.
LaTeX Font Info:    Redeclaring math symbol \Lambda on input line 242.
LaTeX Font Info:    Redeclaring math symbol \Xi on input line 242.
LaTeX Font Info:    Redeclaring math symbol \Pi on input line 242.
LaTeX Font Info:    Redeclaring math symbol \Sigma on input line 242.
LaTeX Font Info:    Redeclaring math symbol \Upsilon on input line 242.
LaTeX Font Info:    Redeclaring math symbol \Phi on input line 242.
LaTeX Font Info:    Redeclaring math symbol \Psi on input line 242.
LaTeX Font Info:    Redeclaring math symbol \Omega on input line 242.
LaTeX Font Info:    Redeclaring math symbol \mathdollar on input line 242.
LaTeX Font Info:    Redeclaring symbol font `operators' on input line 242.
LaTeX Font Info:    Encoding `OT1' has changed to `TU' for symbol font
(Font)              `operators' in the math version `normal' on input line 242.
LaTeX Font Info:    Overwriting symbol font `operators' in version `normal'
(Font)                  OT1/cmr/m/n --> TU/TimesNewRoman(0)/m/n on input line 242.
LaTeX Font Info:    Encoding `OT1' has changed to `TU' for symbol font
(Font)              `operators' in the math version `bold' on input line 242.
LaTeX Font Info:    Overwriting symbol font `operators' in version `bold'
(Font)                  OT1/cmr/bx/n --> TU/TimesNewRoman(0)/m/n on input line 242.
LaTeX Font Info:    Overwriting symbol font `operators' in version `normal'
(Font)                  TU/TimesNewRoman(0)/m/n --> TU/TimesNewRoman(0)/m/n on input line 242.
LaTeX Font Info:    Overwriting math alphabet `\mathit' in version `normal'
(Font)                  OT1/cmr/m/it --> TU/TimesNewRoman(0)/m/it on input line 242.
LaTeX Font Info:    Overwriting math alphabet `\mathbf' in version `normal'
(Font)                  OT1/cmr/bx/n --> TU/TimesNewRoman(0)/b/n on input line 242.
LaTeX Font Info:    Overwriting math alphabet `\mathsf' in version `normal'
(Font)                  OT1/cmss/m/n --> TU/lmss/m/n on input line 242.
LaTeX Font Info:    Overwriting math alphabet `\mathtt' in version `normal'
(Font)                  OT1/cmtt/m/n --> TU/lmtt/m/n on input line 242.
LaTeX Font Info:    Overwriting symbol font `operators' in version `bold'
(Font)                  TU/TimesNewRoman(0)/m/n --> TU/TimesNewRoman(0)/b/n on input line 242.
LaTeX Font Info:    Overwriting math alphabet `\mathit' in version `bold'
(Font)                  OT1/cmr/bx/it --> TU/TimesNewRoman(0)/b/it on input line 242.
LaTeX Font Info:    Overwriting math alphabet `\mathsf' in version `bold'
(Font)                  OT1/cmss/bx/n --> TU/lmss/b/n on input line 242.
LaTeX Font Info:    Overwriting math alphabet `\mathtt' in version `bold'
(Font)                  OT1/cmtt/m/n --> TU/lmtt/b/n on input line 242.
 (C:\Users\endchen\AppData\Local\Programs\MiKTeX\tex/latex/pdflscape\pdflscape.sty
Package: pdflscape 2019/12/05 v0.12 Display of landscape pages in PDF (HO)
 (C:\Users\endchen\AppData\Local\Programs\MiKTeX\tex/generic/iftex\iftex.sty
Package: iftex 2022/02/03 v1.0f TeX engine tests
) (C:\Users\endchen\AppData\Local\Programs\MiKTeX\tex/latex/graphics\lscape.sty
Package: lscape 2020/05/28 v3.02 Landscape Pages (DPC)
)
Package pdflscape Info: Auto-detected driver: dvipdfm (xetex) on input line 98.
 (C:\Users\endchen\AppData\Local\Programs\MiKTeX\tex/latex/base\atbegshi-ltx.sty
Package: atbegshi-ltx 2021/01/10 v1.0c Emulation of the original atbegshi
package with kernel methods
))
File: OFTEN/National_Yunlin_University_of_Science_and_Technology_logo.svg.png Graphic file (type bmp)
<OFTEN/National_Yunlin_University_of_Science_and_Technology_logo.svg.png>
File: OFTEN/yulin.png Graphic file (type bmp)
<OFTEN/yulin.png>
 [1

]

LaTeX Font Warning: Font shape `TU/kaiu.ttf(0)/b/n' undefined
(Font)              using `TU/kaiu.ttf(0)/m/n' instead on input line 254.

File: PDF/簡歷.pdf Graphic file (type pdf)
<use PDF/簡歷.pdf>
File: PDF/簡歷.pdf Graphic file (type pdf)
<use PDF/簡歷.pdf>
File: PDF/簡歷.pdf Graphic file (type pdf)
<use PDF/簡歷.pdf, page 1>
File: PDF/簡歷.pdf Graphic file (type pdf)
<use PDF/簡歷.pdf, page 1>
File: PDF/簡歷.pdf Graphic file (type pdf)
<use PDF/簡歷.pdf, page 1>
File: PDF/簡歷.pdf Graphic file (type pdf)
<use PDF/簡歷.pdf, page 1>
File: PDF/簡歷.pdf Graphic file (type pdf)
<use PDF/簡歷.pdf, page 1>
[1] [2]
LaTeX Font Info:    External font `cmex10' loaded for size
(Font)              <12> on input line 297.
LaTeX Font Info:    External font `cmex10' loaded for size
(Font)              <8> on input line 297.
LaTeX Font Info:    External font `cmex10' loaded for size
(Font)              <6> on input line 297.
 [3] [4] [5]
File: pro/pp.jpg Graphic file (type bmp)
<pro/pp.jpg>
 [6]
Overfull \vbox (14.01854pt too high) has occurred while \output is active []

 [7]
File: pro/JAVA.jpg Graphic file (type bmp)
<pro/JAVA.jpg>
File: pro/IFRS.jpg Graphic file (type bmp)
<pro/IFRS.jpg>

Overfull \hbox (8.34268pt too wide) in paragraph at lines 348--350
[] 
 []


Overfull \vbox (1.2799pt too high) has occurred while \output is active []

 [8]
File: pro/MIM.jpg Graphic file (type bmp)
<pro/MIM.jpg>

Overfull \hbox (12.36292pt too wide) in paragraph at lines 351--352
[] 
 []

File: pro/out.jpg Graphic file (type bmp)
<pro/out.jpg>
[9]
File: pro/in.png Graphic file (type bmp)
<pro/in.png>
 [10] [11]
File: PDf/實習成果報告書.pdf Graphic file (type pdf)
<use PDf/實習成果報告書.pdf>
File: PDf/實習成果報告書.pdf Graphic file (type pdf)
<use PDf/實習成果報告書.pdf>
File: PDf/實習成果報告書.pdf Graphic file (type pdf)
<use PDf/實習成果報告書.pdf, page 1>
File: PDf/實習成果報告書.pdf Graphic file (type pdf)
<use PDf/實習成果報告書.pdf, page 1>
 [12]
File: PDf/實習成果報告書.pdf Graphic file (type pdf)
<use PDf/實習成果報告書.pdf, page 1>
File: PDf/實習成果報告書.pdf Graphic file (type pdf)
<use PDf/實習成果報告書.pdf, page 1>
File: PDf/實習成果報告書.pdf Graphic file (type pdf)
<use PDf/實習成果報告書.pdf, page 1>
 [13]
File: PDf/實習成果報告書.pdf Graphic file (type pdf)
<use PDf/實習成果報告書.pdf, page 2>
File: PDf/實習成果報告書.pdf Graphic file (type pdf)
<use PDf/實習成果報告書.pdf, page 2>
File: PDf/實習成果報告書.pdf Graphic file (type pdf)
<use PDf/實習成果報告書.pdf, page 2>
 [14]
File: PDf/實習成果報告書.pdf Graphic file (type pdf)
<use PDf/實習成果報告書.pdf, page 3>
File: PDf/實習成果報告書.pdf Graphic file (type pdf)
<use PDf/實習成果報告書.pdf, page 3>
File: PDf/實習成果報告書.pdf Graphic file (type pdf)
<use PDf/實習成果報告書.pdf, page 3>
 [15]
File: PDf/實習成果報告書.pdf Graphic file (type pdf)
<use PDf/實習成果報告書.pdf, page 4>
File: PDf/實習成果報告書.pdf Graphic file (type pdf)
<use PDf/實習成果報告書.pdf, page 4>
File: PDf/實習成果報告書.pdf Graphic file (type pdf)
<use PDf/實習成果報告書.pdf, page 4>
 [16]
File: PDf/實習成果報告書.pdf Graphic file (type pdf)
<use PDf/實習成果報告書.pdf, page 5>
File: PDf/實習成果報告書.pdf Graphic file (type pdf)
<use PDf/實習成果報告書.pdf, page 5>
File: PDf/實習成果報告書.pdf Graphic file (type pdf)
<use PDf/實習成果報告書.pdf, page 5>
 [17]
File: PDf/實習成果報告書.pdf Graphic file (type pdf)
<use PDf/實習成果報告書.pdf, page 6>
File: PDf/實習成果報告書.pdf Graphic file (type pdf)
<use PDf/實習成果報告書.pdf, page 6>
File: PDf/實習成果報告書.pdf Graphic file (type pdf)
<use PDf/實習成果報告書.pdf, page 6>
 [18]
File: PDf/實習成果報告書.pdf Graphic file (type pdf)
<use PDf/實習成果報告書.pdf, page 7>
File: PDf/實習成果報告書.pdf Graphic file (type pdf)
<use PDf/實習成果報告書.pdf, page 7>
File: PDf/實習成果報告書.pdf Graphic file (type pdf)
<use PDf/實習成果報告書.pdf, page 7>
 [19]
File: PDf/實習成果報告書.pdf Graphic file (type pdf)
<use PDf/實習成果報告書.pdf, page 8>
File: PDf/實習成果報告書.pdf Graphic file (type pdf)
<use PDf/實習成果報告書.pdf, page 8>
File: PDf/實習成果報告書.pdf Graphic file (type pdf)
<use PDf/實習成果報告書.pdf, page 8>
 [20]
File: PDf/實習成果報告書.pdf Graphic file (type pdf)
<use PDf/實習成果報告書.pdf, page 9>
File: PDf/實習成果報告書.pdf Graphic file (type pdf)
<use PDf/實習成果報告書.pdf, page 9>
File: PDf/實習成果報告書.pdf Graphic file (type pdf)
<use PDf/實習成果報告書.pdf, page 9>
 [21]
File: PDf/實習成果報告書.pdf Graphic file (type pdf)
<use PDf/實習成果報告書.pdf, page 10>
File: PDf/實習成果報告書.pdf Graphic file (type pdf)
<use PDf/實習成果報告書.pdf, page 10>
File: PDf/實習成果報告書.pdf Graphic file (type pdf)
<use PDf/實習成果報告書.pdf, page 10>
 [22]
File: PDF/成果報告書.pdf Graphic file (type pdf)
<use PDF/成果報告書.pdf>
File: PDF/成果報告書.pdf Graphic file (type pdf)
<use PDF/成果報告書.pdf>
File: PDF/成果報告書.pdf Graphic file (type pdf)
<use PDF/成果報告書.pdf, page 1>
File: PDF/成果報告書.pdf Graphic file (type pdf)
<use PDF/成果報告書.pdf, page 1>
 [23]
File: PDF/成果報告書.pdf Graphic file (type pdf)
<use PDF/成果報告書.pdf, page 1>
File: PDF/成果報告書.pdf Graphic file (type pdf)
<use PDF/成果報告書.pdf, page 1>
File: PDF/成果報告書.pdf Graphic file (type pdf)
<use PDF/成果報告書.pdf, page 1>
 [24]
File: PDF/成果報告書.pdf Graphic file (type pdf)
<use PDF/成果報告書.pdf, page 2>
File: PDF/成果報告書.pdf Graphic file (type pdf)
<use PDF/成果報告書.pdf, page 2>
File: PDF/成果報告書.pdf Graphic file (type pdf)
<use PDF/成果報告書.pdf, page 2>
 [25]
File: PDF/成果報告書.pdf Graphic file (type pdf)
<use PDF/成果報告書.pdf, page 3>
File: PDF/成果報告書.pdf Graphic file (type pdf)
<use PDF/成果報告書.pdf, page 3>
File: PDF/成果報告書.pdf Graphic file (type pdf)
<use PDF/成果報告書.pdf, page 3>
 [26]
File: PDF/成果報告書.pdf Graphic file (type pdf)
<use PDF/成果報告書.pdf, page 4>
File: PDF/成果報告書.pdf Graphic file (type pdf)
<use PDF/成果報告書.pdf, page 4>
File: PDF/成果報告書.pdf Graphic file (type pdf)
<use PDF/成果報告書.pdf, page 4>
 [27]
File: PDF/成果報告書.pdf Graphic file (type pdf)
<use PDF/成果報告書.pdf, page 5>
File: PDF/成果報告書.pdf Graphic file (type pdf)
<use PDF/成果報告書.pdf, page 5>
File: PDF/成果報告書.pdf Graphic file (type pdf)
<use PDF/成果報告書.pdf, page 5>
 [28]
File: PDF/成果報告書.pdf Graphic file (type pdf)
<use PDF/成果報告書.pdf, page 6>
File: PDF/成果報告書.pdf Graphic file (type pdf)
<use PDF/成果報告書.pdf, page 6>
File: PDF/成果報告書.pdf Graphic file (type pdf)
<use PDF/成果報告書.pdf, page 6>
 [29]
File: PDF/成果報告書.pdf Graphic file (type pdf)
<use PDF/成果報告書.pdf, page 7>
File: PDF/成果報告書.pdf Graphic file (type pdf)
<use PDF/成果報告書.pdf, page 7>
File: PDF/成果報告書.pdf Graphic file (type pdf)
<use PDF/成果報告書.pdf, page 7>
 [30]
File: PDF/成果報告書.pdf Graphic file (type pdf)
<use PDF/成果報告書.pdf, page 8>
File: PDF/成果報告書.pdf Graphic file (type pdf)
<use PDF/成果報告書.pdf, page 8>
File: PDF/成果報告書.pdf Graphic file (type pdf)
<use PDF/成果報告書.pdf, page 8>
 [31]
File: PDF/成果報告書.pdf Graphic file (type pdf)
<use PDF/成果報告書.pdf, page 9>
File: PDF/成果報告書.pdf Graphic file (type pdf)
<use PDF/成果報告書.pdf, page 9>
File: PDF/成果報告書.pdf Graphic file (type pdf)
<use PDF/成果報告書.pdf, page 9>
 [32]
File: PDF/成果報告書.pdf Graphic file (type pdf)
<use PDF/成果報告書.pdf, page 10>
File: PDF/成果報告書.pdf Graphic file (type pdf)
<use PDF/成果報告書.pdf, page 10>
File: PDF/成果報告書.pdf Graphic file (type pdf)
<use PDF/成果報告書.pdf, page 10>
 [33]
File: PDF/成果報告書.pdf Graphic file (type pdf)
<use PDF/成果報告書.pdf, page 11>
File: PDF/成果報告書.pdf Graphic file (type pdf)
<use PDF/成果報告書.pdf, page 11>
File: PDF/成果報告書.pdf Graphic file (type pdf)
<use PDF/成果報告書.pdf, page 11>
 [34]
File: PDF/成果報告書.pdf Graphic file (type pdf)
<use PDF/成果報告書.pdf, page 12>
File: PDF/成果報告書.pdf Graphic file (type pdf)
<use PDF/成果報告書.pdf, page 12>
File: PDF/成果報告書.pdf Graphic file (type pdf)
<use PDF/成果報告書.pdf, page 12>
 [35]
File: PDF/成果報告書.pdf Graphic file (type pdf)
<use PDF/成果報告書.pdf, page 13>
File: PDF/成果報告書.pdf Graphic file (type pdf)
<use PDF/成果報告書.pdf, page 13>
File: PDF/成果報告書.pdf Graphic file (type pdf)
<use PDF/成果報告書.pdf, page 13>
 [36]
File: PDF/成果報告書.pdf Graphic file (type pdf)
<use PDF/成果報告書.pdf, page 14>
File: PDF/成果報告書.pdf Graphic file (type pdf)
<use PDF/成果報告書.pdf, page 14>
File: PDF/成果報告書.pdf Graphic file (type pdf)
<use PDF/成果報告書.pdf, page 14>
 [37]
File: PDF/成果報告書.pdf Graphic file (type pdf)
<use PDF/成果報告書.pdf, page 15>
File: PDF/成果報告書.pdf Graphic file (type pdf)
<use PDF/成果報告書.pdf, page 15>
File: PDF/成果報告書.pdf Graphic file (type pdf)
<use PDF/成果報告書.pdf, page 15>
 [38]
File: PDF/成果報告書.pdf Graphic file (type pdf)
<use PDF/成果報告書.pdf, page 16>
File: PDF/成果報告書.pdf Graphic file (type pdf)
<use PDF/成果報告書.pdf, page 16>
File: PDF/成果報告書.pdf Graphic file (type pdf)
<use PDF/成果報告書.pdf, page 16>
 [39]
File: PDF/成果報告書.pdf Graphic file (type pdf)
<use PDF/成果報告書.pdf, page 17>
File: PDF/成果報告書.pdf Graphic file (type pdf)
<use PDF/成果報告書.pdf, page 17>
File: PDF/成果報告書.pdf Graphic file (type pdf)
<use PDF/成果報告書.pdf, page 17>
 [40]
File: PDF/成果報告書.pdf Graphic file (type pdf)
<use PDF/成果報告書.pdf, page 18>
File: PDF/成果報告書.pdf Graphic file (type pdf)
<use PDF/成果報告書.pdf, page 18>
File: PDF/成果報告書.pdf Graphic file (type pdf)
<use PDF/成果報告書.pdf, page 18>
 [41]
File: PDF/成果報告書.pdf Graphic file (type pdf)
<use PDF/成果報告書.pdf, page 19>
File: PDF/成果報告書.pdf Graphic file (type pdf)
<use PDF/成果報告書.pdf, page 19>
File: PDF/成果報告書.pdf Graphic file (type pdf)
<use PDF/成果報告書.pdf, page 19>
 [42]
File: PDF/成果報告書.pdf Graphic file (type pdf)
<use PDF/成果報告書.pdf, page 20>
File: PDF/成果報告書.pdf Graphic file (type pdf)
<use PDF/成果報告書.pdf, page 20>
File: PDF/成果報告書.pdf Graphic file (type pdf)
<use PDF/成果報告書.pdf, page 20>
 [43]
File: PDF/成果報告書.pdf Graphic file (type pdf)
<use PDF/成果報告書.pdf, page 21>
File: PDF/成果報告書.pdf Graphic file (type pdf)
<use PDF/成果報告書.pdf, page 21>
File: PDF/成果報告書.pdf Graphic file (type pdf)
<use PDF/成果報告書.pdf, page 21>
 [44]
File: PDF/成果報告書.pdf Graphic file (type pdf)
<use PDF/成果報告書.pdf, page 22>
File: PDF/成果報告書.pdf Graphic file (type pdf)
<use PDF/成果報告書.pdf, page 22>
File: PDF/成果報告書.pdf Graphic file (type pdf)
<use PDF/成果報告書.pdf, page 22>
 [45]
File: PDF/成果報告書.pdf Graphic file (type pdf)
<use PDF/成果報告書.pdf, page 23>
File: PDF/成果報告書.pdf Graphic file (type pdf)
<use PDF/成果報告書.pdf, page 23>
File: PDF/成果報告書.pdf Graphic file (type pdf)
<use PDF/成果報告書.pdf, page 23>
 [46]
File: PDF/成果報告書.pdf Graphic file (type pdf)
<use PDF/成果報告書.pdf, page 24>
File: PDF/成果報告書.pdf Graphic file (type pdf)
<use PDF/成果報告書.pdf, page 24>
File: PDF/成果報告書.pdf Graphic file (type pdf)
<use PDF/成果報告書.pdf, page 24>
 [47]
File: PDF/成果報告書.pdf Graphic file (type pdf)
<use PDF/成果報告書.pdf, page 25>
File: PDF/成果報告書.pdf Graphic file (type pdf)
<use PDF/成果報告書.pdf, page 25>
File: PDF/成果報告書.pdf Graphic file (type pdf)
<use PDF/成果報告書.pdf, page 25>
 [48]
File: PDF/成果報告書.pdf Graphic file (type pdf)
<use PDF/成果報告書.pdf, page 26>
File: PDF/成果報告書.pdf Graphic file (type pdf)
<use PDF/成果報告書.pdf, page 26>
File: PDF/成果報告書.pdf Graphic file (type pdf)
<use PDF/成果報告書.pdf, page 26>
 [49]
File: PDF/成果報告書.pdf Graphic file (type pdf)
<use PDF/成果報告書.pdf, page 27>
File: PDF/成果報告書.pdf Graphic file (type pdf)
<use PDF/成果報告書.pdf, page 27>
File: PDF/成果報告書.pdf Graphic file (type pdf)
<use PDF/成果報告書.pdf, page 27>
 [50]
File: PDF/成果報告書.pdf Graphic file (type pdf)
<use PDF/成果報告書.pdf, page 28>
File: PDF/成果報告書.pdf Graphic file (type pdf)
<use PDF/成果報告書.pdf, page 28>
File: PDF/成果報告書.pdf Graphic file (type pdf)
<use PDF/成果報告書.pdf, page 28>
 [51]
File: PDF/成果報告書.pdf Graphic file (type pdf)
<use PDF/成果報告書.pdf, page 29>
File: PDF/成果報告書.pdf Graphic file (type pdf)
<use PDF/成果報告書.pdf, page 29>
File: PDF/成果報告書.pdf Graphic file (type pdf)
<use PDF/成果報告書.pdf, page 29>
 [52]
File: PDF/成果報告書.pdf Graphic file (type pdf)
<use PDF/成果報告書.pdf, page 30>
File: PDF/成果報告書.pdf Graphic file (type pdf)
<use PDF/成果報告書.pdf, page 30>
File: PDF/成果報告書.pdf Graphic file (type pdf)
<use PDF/成果報告書.pdf, page 30>
 [53]
File: PDF/成果報告書.pdf Graphic file (type pdf)
<use PDF/成果報告書.pdf, page 31>
File: PDF/成果報告書.pdf Graphic file (type pdf)
<use PDF/成果報告書.pdf, page 31>
File: PDF/成果報告書.pdf Graphic file (type pdf)
<use PDF/成果報告書.pdf, page 31>
 [54]
File: PDF/成果報告書.pdf Graphic file (type pdf)
<use PDF/成果報告書.pdf, page 32>
File: PDF/成果報告書.pdf Graphic file (type pdf)
<use PDF/成果報告書.pdf, page 32>
File: PDF/成果報告書.pdf Graphic file (type pdf)
<use PDF/成果報告書.pdf, page 32>
 [55]
File: PDF/成果報告書.pdf Graphic file (type pdf)
<use PDF/成果報告書.pdf, page 33>
File: PDF/成果報告書.pdf Graphic file (type pdf)
<use PDF/成果報告書.pdf, page 33>
File: PDF/成果報告書.pdf Graphic file (type pdf)
<use PDF/成果報告書.pdf, page 33>
 [56]
File: PDF/成果報告書.pdf Graphic file (type pdf)
<use PDF/成果報告書.pdf, page 34>
File: PDF/成果報告書.pdf Graphic file (type pdf)
<use PDF/成果報告書.pdf, page 34>
File: PDF/成果報告書.pdf Graphic file (type pdf)
<use PDF/成果報告書.pdf, page 34>
 [57]
File: PDF/成果報告書.pdf Graphic file (type pdf)
<use PDF/成果報告書.pdf, page 35>
File: PDF/成果報告書.pdf Graphic file (type pdf)
<use PDF/成果報告書.pdf, page 35>
File: PDF/成果報告書.pdf Graphic file (type pdf)
<use PDF/成果報告書.pdf, page 35>
 [58]
File: PDF/成果報告書.pdf Graphic file (type pdf)
<use PDF/成果報告書.pdf, page 36>
File: PDF/成果報告書.pdf Graphic file (type pdf)
<use PDF/成果報告書.pdf, page 36>
File: PDF/成果報告書.pdf Graphic file (type pdf)
<use PDF/成果報告書.pdf, page 36>
 [59]
File: PDF/掃描檔864.pdf Graphic file (type pdf)
<use PDF/掃描檔864.pdf>
File: PDF/掃描檔864.pdf Graphic file (type pdf)
<use PDF/掃描檔864.pdf>
File: PDF/掃描檔864.pdf Graphic file (type pdf)
<use PDF/掃描檔864.pdf, page 1>
File: PDF/掃描檔864.pdf Graphic file (type pdf)
<use PDF/掃描檔864.pdf, page 1>
 [60]
File: PDF/掃描檔864.pdf Graphic file (type pdf)
<use PDF/掃描檔864.pdf, page 1>
File: PDF/掃描檔864.pdf Graphic file (type pdf)
<use PDF/掃描檔864.pdf, page 1>
File: PDF/掃描檔864.pdf Graphic file (type pdf)
<use PDF/掃描檔864.pdf, page 1>
 [61] (main.aux)

LaTeX Font Warning: Some font shapes were not available, defaults substituted.

 )
(\end occurred inside a group at level 1)

### semi simple group (level 1) entered at line 236 (\begingroup)
### bottom level 
Here is how much of TeX's memory you used:
 6887 strings out of 410921
 185736 string characters out of 2822266
 543120 words of memory out of 3000000
 27581 multiletter control sequences out of 15000+600000
 472793 words of font info for 69 fonts, out of 8000000 for 9000
 1348 hyphenation exceptions out of 8191
 70i,17n,85p,323b,1204s stack positions out of 10000i,1000n,20000p,200000b,80000s

Output written on main.xdv (62 pages, 72012 bytes).
